C51 COMPILER V9.56.0.0   ERROR                                                             11/10/2017 09:15:04 PAGE 1   


C51 COMPILER V9.56.0.0, COMPILATION OF MODULE ERROR
OBJECT MODULE PLACED IN error.OBJ
COMPILER INVOKED BY: C:\Keil_v5\C51\BIN\C51.EXE error.c OMF2 OPTIMIZE(8,SPEED) BROWSE INCDIR(C:\Keil_v5\C51\INC\SiLABS\s
                    -hared\si8051Base) DEBUG PRINT(.\Listings\error.lst) TABS(2)

line level    source

   1          #include  "error.h"
   2          #include  "LCM.h"
   3          
   4          
   5          void error_WARNING(unsigned char error_situation) {
   6   1        
   7   1        LCM_Remove_Display(0);
   8   1        
   9   1        switch( error_situation ) {
  10   2        
  11   2          case Meter_disconnect:          LCM_Print_Char_Function(2," Meter_disconnect ");        break;
  12   2          
  13   2        }
  14   1      }


MODULE INFORMATION:   STATIC OVERLAYABLE
   CODE SIZE        =     25    ----
   CONSTANT SIZE    =     19    ----
   XDATA SIZE       =   ----    ----
   PDATA SIZE       =   ----    ----
   DATA SIZE        =   ----       1
   IDATA SIZE       =   ----    ----
   BIT SIZE         =   ----    ----
   EDATA SIZE       =   ----    ----
   HDATA SIZE       =   ----    ----
   XDATA CONST SIZE =   ----    ----
   FAR CONST SIZE   =   ----    ----
END OF MODULE INFORMATION.


C51 COMPILATION COMPLETE.  0 WARNING(S),  0 ERROR(S)
