C51 COMPILER V9.56.0.0   INTERRUPT                                                         11/10/2017 09:15:03 PAGE 1   


C51 COMPILER V9.56.0.0, COMPILATION OF MODULE INTERRUPT
OBJECT MODULE PLACED IN Interrupt.OBJ
COMPILER INVOKED BY: C:\Keil_v5\C51\BIN\C51.EXE Interrupt.c OMF2 OPTIMIZE(8,SPEED) BROWSE INCDIR(C:\Keil_v5\C51\INC\SiLA
                    -BS\shared\si8051Base) DEBUG PRINT(.\Listings\Interrupt.lst) TABS(2)

line level    source

   1          /*===============================================================*/
   2          /*====================    89E58中斷控制   =======================*/
   3          /*=======  使用中斷時需注意，如果SPI訊號入到一半時使用中斷 ======*/
   4          /*=======  會造成訊號傳輸不完整而造成顯示或讀取錯誤        ======*/
   5          /*=======  解決辦法：可使用"旗標"來讓訊號輸入完再中斷      ======*/
   6          /*===============================================================*/
   7          
   8          //=================                 中斷-相關暫存器設定                =====================*/
   9          //          功能 : ON/OFF  -    T2    UART   T1   INT1    T0   INT0                          */
  10          //------------------------------------------------------------------------------------------ */
  11          //  中斷致能 IE :  EA      -    ET2    ES   ET1    EX1   ET0    EX0                          */
  12          //  中斷優先 IP :   -      -    PT2    PS   PT1    PX1   PT0    PX0                          */
  13          //------------------------------------------------------------------------------------------ */
  14          //  計時/數控制 TCON :  TF1  TR1  TF0  TR0  IE1  IT1  IE0  IT0                              */
  15          //  TF1-> Timer1中斷(溢位)旗標、TR1-> Timer1啟動開關、TF0-> Timer0中斷旗標、TR0-> Timer0
             -關 */                                                 **/
  16          //      IE1-> INT1中斷旗標、IT1-> INT1訊號種類 。IE0-> INT0中斷旗標、IT0-> INT0訊號種類  
             -     */
  17          //------------------------------------------------------------------------------------------ */
  18          //  中斷向量 : 0-INT0 、 1-T0 、 2-INT1 、 3-T1 、 4-UART 、 5-T2                            */
  19          //=================                   計時計數-相關暫存器設定              =================*/
  20          //  計時/計數模式 TMOD： T1:[GATE  C/T  M1  M0]   T0 :[GATE  C/T  M1  M0]                     */
  21          //                        Mode 0  13位元    0~8191                                           */
  22          //                        Mode 1  16位元    0~65535                                          */
  23          //                        Mode 2   8位元    0~255     具有自動載入功能                       */
  24          //                        Mode 3   8位元    0~255                                            */
  25          //------------------------------------------------------------------------------------------ */
  26          #include <REG_MPC89L51-515.h>
  27          #include "Interrupt.h"
  28          
  29          
  30          void INT_Interrupt_Set(void) {
  31   1          
  32   1        /**  使用 Timer 0  **/
  33   1      //    IE = 0x82;    //啟用T0中斷
  34   1      //    TMOD = 1;     //設定T0為 Mode 1
  35   1      //    TH0 = TH_M1;  //設置T0計數量：高8位元
  36   1      //    TL0 = TL_M1;  //設置T0計數量：低8位元
  37   1      //    TR0 = 1;      //啟動T0
  38   1        
  39   1        /**  使用 Timer 0 & Timer1 (沒設定優先順序) **/
  40   1          IE = 0x8A;    //啟動T0、T1
  41   1          IP = 0x02;    //T0優先
  42   1          TMOD = 0x11;  //設定T0、T1為Mode 1
  43   1          TCON = 0x50;  //啟動T0、T1
  44   1        //設定Timer0計時時間
  45   1          TH0 = TH_M1;  //設置T0計數量：高8位元
  46   1          TL0 = TL_M1;  //設置T0計數量：低8位元
  47   1        //設定Timer1計時時間  
  48   1          TH1 = TH_M1;  
  49   1          TL1 = TL_M1;  
  50   1      }


C51 COMPILER V9.56.0.0   INTERRUPT                                                         11/10/2017 09:15:03 PAGE 2   

MODULE INFORMATION:   STATIC OVERLAYABLE
   CODE SIZE        =     25    ----
   CONSTANT SIZE    =   ----    ----
   XDATA SIZE       =   ----    ----
   PDATA SIZE       =   ----    ----
   DATA SIZE        =   ----    ----
   IDATA SIZE       =   ----    ----
   BIT SIZE         =   ----    ----
   EDATA SIZE       =   ----    ----
   HDATA SIZE       =   ----    ----
   XDATA CONST SIZE =   ----    ----
   FAR CONST SIZE   =   ----    ----
END OF MODULE INFORMATION.


C51 COMPILATION COMPLETE.  0 WARNING(S),  0 ERROR(S)
