C51 COMPILER V9.56.0.0   MOTOR                                                             11/10/2017 09:15:04 PAGE 1   


C51 COMPILER V9.56.0.0, COMPILATION OF MODULE MOTOR
OBJECT MODULE PLACED IN Motor.OBJ
COMPILER INVOKED BY: C:\Keil_v5\C51\BIN\C51.EXE Motor.c OMF2 OPTIMIZE(8,SPEED) BROWSE INCDIR(C:\Keil_v5\C51\INC\SiLABS\s
                    -hared\si8051Base) DEBUG PRINT(.\Listings\Motor.lst) TABS(2)

line level    source

   1          #include <REG_MPC89L51-515.h>
   2          #include "CPLD.h"
   3          #include "delay.h"
   4          #include "Motor.h"
   5          
   6          
   7          /**===================        DC Motor 控制      ===================**/
   8          /**  ON  ： 馬達致能腳位，1才能控制                                 **/
   9          /**  CCW ： 馬達轉向控制，1:正轉、0:反轉                           **/
  10          /**  STOP： 馬達立即停止(電容會釋放少許電壓，造成馬達不會立即停止)  **/
  11          /**=================================================================**/
  12          void DC_test_Motor(unsigned char Motor_NAME ,unsigned char Motor_command) {
  13   1      
  14   1        switch(Motor_NAME)  {
  15   2            
  16   2          case DC_Motor_01:
  17   2            
  18   2                switch(Motor_command) {
  19   3                  /** 提醒：外接電源也會影響正反轉  **/
  20   3                  case FWD: //正轉
  21   3                    cpld_out(0xB2,1); //JP13 - 3 ON
  22   3                    cpld_out(0xB3,0); //JP13 - 4 CCW
  23   3                    //cpld_out(0xB7,0); //JP13 - 5 STOP
  24   3                  break;
  25   3                  
  26   3                  case REV: //反轉
  27   3                    cpld_out(0xB2,0); //JP13 - 3 ON
  28   3                    cpld_out(0xB3,1); //JP13 - 4 CCW
  29   3                    //cpld_out(0xB7,0); //JP13 - 5 STOP     
  30   3                  break;
  31   3                  
  32   3                  case STOP: //停止轉動
  33   3                    cpld_out(0xB2,1); //JP13 - 3 ON
  34   3                    cpld_out(0xB3,1); //JP13 - 4 CCW
  35   3                    //cpld_out(0xB7,1); //JP13 - 5 STOP
  36   3                  break;
  37   3                }
  38   2                
  39   2          break;
  40   2          
  41   2          case DC_Motor_02:
  42   2                switch(Motor_command) {
  43   3                  
  44   3                  case FWD: //正轉
  45   3                    cpld_out(0xB4,1);
  46   3                    cpld_out(0xB5,0); 
  47   3                  break;
  48   3                  
  49   3                  case REV: //反轉
  50   3                    cpld_out(0xB4,0); 
  51   3                    cpld_out(0xB5,1); 
  52   3                  break;
  53   3                  
  54   3                  case STOP: //停止轉動
C51 COMPILER V9.56.0.0   MOTOR                                                             11/10/2017 09:15:04 PAGE 2   

  55   3                    cpld_out(0xB4,1);
  56   3                    cpld_out(0xB5,1); 
  57   3                  break;
  58   3                }
  59   2          break;
  60   2              
  61   2          case DC_Motor_03:
  62   2                switch(Motor_command) {
  63   3                  
  64   3                  case FWD: //正轉
  65   3                    cpld_out(0xB6,1);
  66   3                    cpld_out(0xB7,0); 
  67   3                  break;
  68   3                  
  69   3                  case REV: //反轉
  70   3                    cpld_out(0xB6,0); 
  71   3                    cpld_out(0xB7,1); 
  72   3                  break;
  73   3                  
  74   3                  case STOP: //停止轉動
  75   3                    cpld_out(0xB6,1);
  76   3                    cpld_out(0xB7,1); 
  77   3                  break;
  78   3                }
  79   2          break;
  80   2                  
  81   2          case DC_Motor_04:
  82   2                switch(Motor_command) {
  83   3                  
  84   3                  case FWD: //正轉
  85   3                    cpld_out(0x76,1);
  86   3                    cpld_out(0x77,0); 
  87   3                  break;
  88   3                  
  89   3                  case REV: //反轉
  90   3                    cpld_out(0x76,0); 
  91   3                    cpld_out(0x77,1); 
  92   3                  break;
  93   3                  
  94   3                  case STOP: //停止轉動
  95   3                    cpld_out(0x76,1);
  96   3                    cpld_out(0x77,1); 
  97   3                  break;
  98   3                }
  99   2          break;
 100   2        }
 101   1        
 102   1      }


MODULE INFORMATION:   STATIC OVERLAYABLE
   CODE SIZE        =    236    ----
   CONSTANT SIZE    =   ----    ----
   XDATA SIZE       =   ----    ----
   PDATA SIZE       =   ----    ----
   DATA SIZE        =   ----       1
   IDATA SIZE       =   ----    ----
   BIT SIZE         =   ----    ----
   EDATA SIZE       =   ----    ----
   HDATA SIZE       =   ----    ----
   XDATA CONST SIZE =   ----    ----
   FAR CONST SIZE   =   ----    ----
C51 COMPILER V9.56.0.0   MOTOR                                                             11/10/2017 09:15:04 PAGE 3   

END OF MODULE INFORMATION.


C51 COMPILATION COMPLETE.  0 WARNING(S),  0 ERROR(S)
