C51 COMPILER V9.56.0.0   MUSIC                                                             11/10/2017 09:15:04 PAGE 1   


C51 COMPILER V9.56.0.0, COMPILATION OF MODULE MUSIC
OBJECT MODULE PLACED IN Music.OBJ
COMPILER INVOKED BY: C:\Keil_v5\C51\BIN\C51.EXE Music.c OMF2 OPTIMIZE(8,SPEED) BROWSE INCDIR(C:\Keil_v5\C51\INC\SiLABS\s
                    -hared\si8051Base) DEBUG PRINT(.\Listings\Music.lst) TABS(2)

line level    source

   1          #include <REG_MPC89L51-515.h>
   2          #include "CPLD.h"
   3          #include "delay.h"
   4          #include "Music.h"
   5          
   6          /** output port **/
   7          unsigned char xdata CS1_6295  _at_ 0x2000;  //CS1_6295
   8          unsigned char xdata CS2_6295  _at_ 0x3000;  //CS2_6295
   9          
  10          /**====   éŸ³æ¨‚ICæ§åˆ¶ å‡½å¼ä½¿ç”¨èªªæ˜  ====**/
  11          /** bank_ch    ï¼š  é¸æ“‡ éŸ³æ¨‚ICå„²å­˜ç©ºé–“ ( Bank1 or Bank2 )                                    **/
  12          /** channel_ch ï¼š  é¸æ“‡ æ’­æ”¾é »é“ ( Channel_01 ~ Channel_04 )  ä¸€å€‹Bankæœ‰4å€‹é »é“              **/
  13          /** music_ch   ï¼š  é¸æ“‡ æ­Œæ›² ( 1 ~ 127 )ï¼Œç‡’éŒ„éŸ³æ¨‚.binæª”æ™‚å·²åˆ†é…æ­Œæ›²é †åº                     **/
  14          /** volume_ch  ï¼š  é¸æ“‡ æ’­æ”¾éŸ³æ¨‚å¤§å° ( é€šå¸¸ç›´æ¥çµ¦MAXï¼Œç”±å–‡å­çš„æ—‹éˆ•ä¾†èª¿æ•´è²éŸ³å¤§å°
             - )           **/
  15          
  16          void Music_IC1_Play(unsigned char bank_ch, unsigned char channel_ch, unsigned char music_ch, unsigned char
             - volume_ch) {
  17   1      
  18   1          unsigned char idata play;
  19   1        
  20   1        //é¸æ“‡ICå„²å­˜ç©ºé–“(Bank1ã€Bank2)
  21   1          switch(bank_ch) {
  22   2            case  Bank_1: cpld_out(0xA1,0);   break;  //IC1 -> K1_6295 = 0 -> bank1
  23   2            case  Bank_2: cpld_out(0xA1,1);   break;  //IC1 -> K1_6295 = 1 -> bank2 
  24   2          }
  25   1                   
  26   1        /*--- VOICE_6294 = éŸ³æ¨‚IC1æ§åˆ¶è…³ä½ ---*/
  27   1          
  28   1          /**  VOICE_6294 _8bitsè³‡æ–™ä½¿ç”¨æ–¹å¼                                                                        **/
  29   1          /**  åŠŸèƒ½1ï¼šè¼¸å‡ºåˆ‡æ› + åˆ‡æ›é »é“                                                                            **/
  30   1          /**       èªªæ˜ï¼š bit7      bit6        bit5        bit4        bit3        bit2        bit1        bit0    **/
  31   1          /**             ON/OFF  Channel_4   Channel_3   Channel_2   Channel_1      -           -           -      **/ 
  32   1          /**  è…³ä½åç¨±å·²å®£å‘Šæ–¼ Music.h è«‹ç›´æ¥ä½¿ç”¨                                                                 **/
  33   1          
  34   1          CS1_6295 = channel_ch;  //bit7 = 0 ->å…ˆé—œé–‰æŒ‡å®šé »é“ (å¦‚æœé »é“æœ‰å†ä½¿ç”¨çš„è©±)
  35   1          delay1us(7);
  36   1          
  37   1          /**  VOICE_6294 _8bitsè³‡æ–™ä½¿ç”¨æ–¹å¼                                                                        **/
  38   1          /**  åŠŸèƒ½2ï¼šè¼¸å‡ºåˆ‡æ› + é¸æ“‡æ­Œæ›²è¼¸å‡º                                                                        **/ 
  39   1          /**       èªªæ˜ï¼š bit7      bit6        bit5        bit4        bit3        bit2        bit1        bit0    **/
  40   1          /**             ON/OFF   Music_6     Music_5     Music_4     Music_3     Music_2     Music_1     Music_0  **/
  41   1          /** bit7 ~ bit0 : 0111,1111 ç¸½å…±å¯å„²å­˜127é¦–æ­Œ                                                              **/
  42   1          
  43   1          play = 0x80 | music_ch;  // OR 0x80 å¯é–‹å•ŸéŸ³æ¨‚IC
  44   1          CS1_6295 = play;
  45   1          delay1us(7);
  46   1          
  47   1          /**  VOICE_6294 _8bitsè³‡æ–™ä½¿ç”¨æ–¹å¼                                                                        **/
  48   1          /**  åŠŸèƒ½3ï¼šé »é“è¼¸å‡º + éŸ³é‡è¼¸å‡º                                                                            **/ 
  49   1          /**       èªªæ˜ï¼š bit7        bit6        bit5        bit4        bit3        bit2        bit1        bit0  **/
  50   1          /**           Channel_4   Channel_3   Channel_2   Channel_1    volume3    volume2     volume1     volume0 **/
  51   1          
  52   1          channel_ch = channel_ch << 1;           // "chnnel_ch" å‘å·¦ç§» 1bit + OR  "volume_ch" æ‰èƒ½ç¬¦åˆåŠŸèƒ½3.çš
C51 COMPILER V9.56.0.0   MUSIC                                                             11/10/2017 09:15:04 PAGE 2   

             -„è³‡æ–™æ ¼å¼
  53   1          channel_ch |= volume_ch;    
  54   1          CS1_6295 = channel_ch;    //è¼¸å‡º
  55   1      
  56   1      }
  57          
  58          void Music_IC2_Play(unsigned char bank_ch, unsigned char channel_ch, unsigned char music_ch, unsigned char
             - volume_ch) {
  59   1      
  60   1          unsigned char idata play;
  61   1        
  62   1        //é¸æ“‡ICå„²å­˜ç©ºé–“(Bank1ã€Bank2)
  63   1          switch(bank_ch) {
  64   2            case  Bank_1: cpld_out(0xA4,0);   break;  //IC1 -> K2_6295 = 0 -> bank1
  65   2            case  Bank_2: cpld_out(0xA4,1);   break;  //IC1 -> K2_6295 = 1 -> bank2 
  66   2          }
  67   1          
  68   1          CS2_6295 = channel_ch;  //bit7 = 0 ->å…ˆé—œé–‰æŒ‡å®šé »é“ (å¦‚æœé »é“æœ‰å†ä½¿ç”¨çš„è©±)
  69   1          delay1us(7);
  70   1          
  71   1          play = 0x80 | music_ch;  // OR 0x80 å¯é–‹å•ŸéŸ³æ¨‚IC
  72   1          CS2_6295 = play;
  73   1          delay1us(7);
  74   1          
  75   1          channel_ch = channel_ch << 1;           // "chnnel_ch" å‘å·¦ç§» 1bit + OR  "volume_ch" æ‰èƒ½ç¬¦åˆåŠŸèƒ½3.çš
             -„è³‡æ–™æ ¼å¼
  76   1          channel_ch |= volume_ch;    
  77   1          CS2_6295 = channel_ch;    //è¼¸å‡º
  78   1      
  79   1      }
  80          
  81          /**====   ç¢ºèªéŸ³æ¨‚ICé »é“ä½¿ç”¨ç‹€æ…‹   ====**/
  82          /** IC_ch      ï¼š  é¸æ“‡ éŸ³æ¨‚IC ( "IC1 = CS1_6295" or "IC2 = CS2_6295" )      **/
  83          /** channel_ch ï¼š  é¸æ“‡ è¦ç¢ºèªçš„é »é“ ( Channel_01 ~ Channel_04 )             **/
  84          unsigned char Check_Music_Play(unsigned char IC_ch, unsigned char channel_ch) {
  85   1        
  86   1        unsigned char idata music_mode;
  87   1        
  88   1        switch(IC_ch) {
  89   2          
  90   2          case  IC1:
  91   2              music_mode = CS1_6295;  //ç„¡éŸ³æ¨‚æ’­æ”¾ music_mode=0ã€4å€‹é »é“éƒ½å†æ’­æ”¾ music_mode=0x78 (0111,1
             -000)
  92   2              music_mode = music_mode & channel_ch; //"music_mode" AND "channel_ch" = é »é“æ˜¯å¦ä½¿ç”¨ä¸­ã€‚(ch1=0
             -x01,ch2=0x02,ch3=0x04,ch4=0x08)
  93   2          break;
  94   2          
  95   2          case  IC2:
  96   2              music_mode = CS2_6295;  
  97   2              music_mode = music_mode & channel_ch; 
  98   2          break;
  99   2        }
 100   1        
 101   1        return(music_mode); 
 102   1      }
 103          
 104          /**====   åœæ­¢æ’­æ”¾éŸ³æ¨‚   ====**/
 105          /**channel_ch : é¸æ“‡è¦åœæ­¢çš„é »é“ï¼Œç„¡æŒ‡å®šå°±æ˜¯å…¨éƒ¨åœæ­¢ **/
 106          void Music_STOP(unsigned char channel_ch) {
 107   1      
 108   1        switch(channel_ch) {
 109   2      
C51 COMPILER V9.56.0.0   MUSIC                                                             11/10/2017 09:15:04 PAGE 3   

 110   2          case Channel_01: 
 111   2              CS1_6295 = channel_ch; //0xxx,x000 : channel x = 1 off
 112   2              CS2_6295 = channel_ch;
 113   2              delay1ms(1);
 114   2          break;
 115   2          
 116   2          case Channel_02: 
 117   2              CS1_6295 = channel_ch; //0xxx,x000 : channel x = 1 off
 118   2              CS2_6295 = channel_ch;
 119   2              delay1ms(1);
 120   2          break;
 121   2          
 122   2          case Channel_03: 
 123   2              CS1_6295 = channel_ch; //0xxx,x000 : channel x = 1 off
 124   2              CS2_6295 = channel_ch;
 125   2              delay1ms(1);
 126   2          break;
 127   2          
 128   2          case Channel_04: 
 129   2              CS1_6295 = channel_ch; //0xxx,x000 : channel x = 1 off
 130   2              CS2_6295 = channel_ch;
 131   2              delay1ms(1);
 132   2          break;
 133   2          
 134   2          default:
 135   2              CS1_6295 = 0x78;      //å…¨é »é“åœæ­¢ã€‚0111,1000 : channel 1~4 off   
 136   2              CS2_6295 = 0x78;
 137   2              delay1ms(1);
 138   2          break;
 139   2        
 140   2        }
 141   1      
 142   1      } 


MODULE INFORMATION:   STATIC OVERLAYABLE
   CODE SIZE        =    203    ----
   CONSTANT SIZE    =   ----    ----
   XDATA SIZE       =   ----    ----
   PDATA SIZE       =   ----    ----
   DATA SIZE        =   ----       9
   IDATA SIZE       =   ----       3
   BIT SIZE         =   ----    ----
   EDATA SIZE       =   ----    ----
   HDATA SIZE       =   ----    ----
   XDATA CONST SIZE =   ----    ----
   FAR CONST SIZE   =   ----    ----
END OF MODULE INFORMATION.


C51 COMPILATION COMPLETE.  0 WARNING(S),  0 ERROR(S)
