C51 COMPILER V9.56.0.0   RS232                                                             11/10/2017 09:15:03 PAGE 1   


C51 COMPILER V9.56.0.0, COMPILATION OF MODULE RS232
OBJECT MODULE PLACED IN RS232.OBJ
COMPILER INVOKED BY: C:\Keil_v5\C51\BIN\C51.EXE RS232.c OMF2 OPTIMIZE(8,SPEED) BROWSE INCDIR(C:\Keil_v5\C51\INC\SiLABS\s
                    -hared\si8051Base) DEBUG PRINT(.\Listings\RS232.lst) TABS(2)

line level    source

   1          #include <string.h>
   2          #include <REG_MPC89L51-515.h>
   3          #include "RS232.h"
   4          
   5          
   6          //#include "main.h"
   7          
   8          void RS232_Basic_Setting(void) {
   9   1      
  10   1        IE   = 0x90;  //ä¸­æ–·è‡´èƒ½æš«å­˜å™¨ã€‚é–‹å•Ÿä¸­æ–·åŠŸèƒ½
  11   1        TMOD = 0x20;  //è¨ˆæ™‚è¨ˆæ•¸å™¨æ¨¡å¼æš«å­˜å™¨ã€‚é€™è£¡ä½¿ç”¨T1ã€Mode2 : 8ä½å…ƒè‡ªå‹•è¼‰å…¥è¨ˆæ™‚/è¨ˆæ•
             -¸å™¨
  12   1        SCON = 0x50;  //ä¸²åˆ—åŸ æ§åˆ¶æš«å­˜å™¨ã€‚(SM0[SMOD0]=0ã€SM1=1) 8bits UART(å¯è®Š)ã€(REN=1)ä¸²åˆ—æ¥æ”¶
             -è‡´èƒ½ON
  13   1        TH1  = 0xFD;  //Timer1ã€‚TCLKæ™‚è„ˆè¨­å®šï¼Œrate=9600 for 11.0592MHz
  14   1        TL1  = 0xFD;
  15   1        TR1  = 1;     //å•Ÿå‹•Timer1
  16   1        
  17   1        TI   = 0;     //TI=1æ™‚ï¼Œå‚³å‡ºå®Œæˆï¼Œæ¸…é™¤TIæ——æ¨™
  18   1        RI   = 0;     //RI=1æ™‚ï¼Œæ¥æ”¶å®Œæˆï¼Œæ¸…é™¤RIæ——æ¨™
  19   1        
  20   1      }
  21          
  22          void RS232_Write(char SEND_DATA[]) {
*** WARNING C235 IN LINE 22 OF RS232.c: parameter 1: different types
  23   1      
  24   1        signed char  xdata RS232_i = 0;
  25   1        signed short xdata SEND_DATA_length;
  26   1        SEND_DATA_length = strlen(SEND_DATA);
  27   1        
  28   1        for (RS232_i = 0; RS232_i < SEND_DATA_length; RS232_i++) {
  29   2            SBUF = SEND_DATA[RS232_i];  //å°‡bufferå…§å®¹é€è‡³SBUFå‚³é€å‡ºå»
  30   2            while (TI != 1);            //åˆ¤æ–·TIæ˜¯å¦ç­‰æ–¼1(å‚³é€å®Œç•¢)ï¼Œå¦å‰‡åœåœ¨æ­¤è¡Œ
  31   2            TI = 0;
  32   2        }
  33   1      
  34   1      }
  35          
  36          char RS232_Read(void) {
  37   1         char Read_text;
  38   1        
  39   1        if (RI == 1) {  //RI=1æ™‚ï¼Œæ¥æ”¶å®Œæˆï¼Œæ¸…é™¤RIæ——æ¨™
  40   2            Read_text = SBUF;
  41   2            RI = 0;
  42   2        }
  43   1        return Read_text;
  44   1      }


MODULE INFORMATION:   STATIC OVERLAYABLE
   CODE SIZE        =    121    ----
   CONSTANT SIZE    =   ----    ----
   XDATA SIZE       =   ----       3
   PDATA SIZE       =   ----    ----
C51 COMPILER V9.56.0.0   RS232                                                             11/10/2017 09:15:03 PAGE 2   

   DATA SIZE        =   ----       3
   IDATA SIZE       =   ----    ----
   BIT SIZE         =   ----    ----
   EDATA SIZE       =   ----    ----
   HDATA SIZE       =   ----    ----
   XDATA CONST SIZE =   ----    ----
   FAR CONST SIZE   =   ----    ----
END OF MODULE INFORMATION.


C51 COMPILATION COMPLETE.  1 WARNING(S),  0 ERROR(S)
